<?xml version="1.0" encoding="UTF-8"?>
<!-- Generated by org.testng.reporters.JUnitReportReporter -->
<testsuite hostname="HakimiLaptop" failures="0" tests="2" name="practice.First" time="9.710" errors="0" timestamp="2022-11-17T12:44:13 EST" skipped="0">
  <testcase classname="practice.First" name="testOne" time="4.629"/>
  <system-out/>
  <testcase classname="practice.First" name="testTwo" time="5.081"/>
  <system-out/>
</testsuite> <!-- practice.First -->
