<?xml version="1.0" encoding="UTF-8"?>
<!-- Generated by org.testng.reporters.JUnitReportReporter -->
<testsuite hostname="HakimiLaptop" failures="0" tests="2" name="testNGSeconDay.ParellelExecution" time="4.121" errors="0" timestamp="2022-11-16T13:43:29 EST" skipped="0">
  <testcase classname="testNGSeconDay.ParellelExecution" name="testTwo" time="1.633"/>
  <system-out/>
  <testcase classname="testNGSeconDay.ParellelExecution" name="testOne" time="2.488"/>
  <system-out/>
</testsuite> <!-- testNGSeconDay.ParellelExecution -->
