<?xml version="1.0" encoding="UTF-8"?>
<!-- Generated by org.testng.reporters.JUnitReportReporter -->
<testsuite hostname="HakimiLaptop" failures="0" tests="4" name="testNGConcepts.SignUpTest" time="8.620" errors="0" timestamp="2022-12-01T14:58:20 EST" skipped="0">
  <testcase classname="testNGConcepts.SignUpTest" name="testSignUp" time="1.751"/>
  <system-out/>
  <testcase classname="testNGConcepts.SignUpTest" name="testSignUp" time="3.560"/>
  <system-out/>
  <testcase classname="testNGConcepts.SignUpTest" name="testSignUp" time="1.524"/>
  <system-out/>
  <testcase classname="testNGConcepts.SignUpTest" name="testSignUp" time="1.785"/>
  <system-out/>
</testsuite> <!-- testNGConcepts.SignUpTest -->
