<?xml version="1.0" encoding="UTF-8"?>
<!-- Generated by org.testng.reporters.JUnitReportReporter -->
<testsuite hostname="HakimiLaptop" failures="0" tests="1" name="general.Second" time="2.194" errors="0" timestamp="2022-11-19T14:13:06 EST" skipped="0">
  <testcase classname="general.Second" name="testOne" time="2.194"/>
  <system-out/>
</testsuite> <!-- general.Second -->
