<?xml version="1.0" encoding="UTF-8"?>
<!-- Generated by org.testng.reporters.JUnitReportReporter -->
<testsuite hostname="HakimiLaptop" failures="0" tests="3" name="testNGSeconDay.ParallelExecution" time="47.630" errors="0" timestamp="2022-11-16T14:02:36 EST" skipped="0">
  <testcase classname="testNGSeconDay.ParallelExecution" name="testOne" time="19.193"/>
  <system-out/>
  <testcase classname="testNGSeconDay.ParallelExecution" name="testThree" time="10.463"/>
  <system-out/>
  <testcase classname="testNGSeconDay.ParallelExecution" name="testTwo" time="17.974"/>
  <system-out/>
</testsuite> <!-- testNGSeconDay.ParallelExecution -->
