<?xml version="1.0" encoding="UTF-8"?>
<!-- Generated by org.testng.reporters.JUnitReportReporter -->
<testsuite hostname="HakimiLaptop" failures="0" tests="1" name="practice.Second" time="2.107" errors="0" timestamp="2022-11-16T18:55:46 EST" skipped="0">
  <testcase classname="practice.Second" name="testOne" time="2.107"/>
  <system-out/>
</testsuite> <!-- practice.Second -->
