<?xml version="1.0" encoding="UTF-8"?>
<!-- Generated by org.testng.reporters.JUnitReportReporter -->
<testsuite hostname="HakimiLaptop" failures="0" tests="2" name="testNGThirdDay.First" time="24.981" errors="0" timestamp="2022-11-17T14:28:56 EST" skipped="0">
  <testcase classname="testNGThirdDay.First" name="test" time="21.359"/>
  <system-out/>
  <testcase classname="testNGThirdDay.First" name="test" time="3.622"/>
  <system-out/>
</testsuite> <!-- testNGThirdDay.First -->
