<?xml version="1.0" encoding="UTF-8"?>
<!-- Generated by org.testng.reporters.JUnitReportReporter -->
<testsuite hostname="HakimiLaptop" failures="0" tests="2" name="testNGConcepts.TestOne" time="0.001" errors="0" timestamp="2022-11-17T13:24:30 EST" skipped="0">
  <testcase classname="testNGConcepts.TestOne" name="cocmon" time="0.000"/>
  <system-out/>
  <testcase classname="testNGConcepts.TestOne" name="cocmdf" time="0.001"/>
  <system-out/>
</testsuite> <!-- testNGConcepts.TestOne -->
