<?xml version="1.0" encoding="UTF-8"?>
<!-- Generated by org.testng.reporters.JUnitReportReporter -->
<testsuite hostname="HakimiLaptop" failures="0" tests="2" name="testNGSeconDay.DataTable" time="7.851" errors="0" timestamp="2022-11-16T18:16:17 EST" skipped="0">
  <testcase classname="testNGSeconDay.DataTable" name="test" time="4.316"/>
  <system-out/>
  <testcase classname="testNGSeconDay.DataTable" name="test" time="3.535"/>
  <system-out/>
</testsuite> <!-- testNGSeconDay.DataTable -->
