<?xml version="1.0" encoding="UTF-8"?>
<!-- Generated by org.testng.reporters.JUnitReportReporter -->
<testsuite hostname="HakimiLaptop" failures="0" tests="1" name="testNGSeconDay.SecondDay" time="0.020" errors="0" timestamp="2022-11-16T12:48:56 EST" skipped="0">
  <testcase classname="testNGSeconDay.SecondDay" name="softAssert" time="0.020"/>
  <system-out/>
</testsuite> <!-- testNGSeconDay.SecondDay -->
