<?xml version="1.0" encoding="UTF-8"?>
<!-- Generated by org.testng.reporters.JUnitReportReporter -->
<testsuite hostname="HakimiLaptop" failures="0" tests="2" name="testNGSeconDay.Assertion" time="0.017" errors="0" timestamp="2022-11-17T14:32:01 EST" skipped="0">
  <testcase classname="testNGSeconDay.Assertion" name="softAssert" time="0.004"/>
  <system-out/>
  <testcase classname="testNGSeconDay.Assertion" name="hardAssert" time="0.013"/>
  <system-out/>
</testsuite> <!-- testNGSeconDay.Assertion -->
