<?xml version="1.0" encoding="UTF-8"?>
<!-- Generated by org.testng.reporters.JUnitReportReporter -->
<testsuite hostname="HakimiLaptop" failures="0" tests="2" name="general.First" time="8.439" errors="0" timestamp="2022-11-19T14:13:47 EST" skipped="0">
  <testcase classname="general.First" name="testOne" time="2.264"/>
  <system-out/>
  <testcase classname="general.First" name="testTwo" time="6.175"/>
  <system-out/>
</testsuite> <!-- general.First -->
