<?xml version="1.0" encoding="UTF-8"?>
<!-- Generated by org.testng.reporters.JUnitReportReporter -->
<testsuite hostname="HakimiLaptop" failures="0" tests="1" name="tek.sdet.testng.tests.smoke.TestNGParameterExample" time="2.591" errors="0" timestamp="2022-11-17T15:33:14 EST" skipped="0">
  <testcase classname="tek.sdet.testng.tests.smoke.TestNGParameterExample" name="loginWithParametersExample" time="2.591"/>
  <system-out/>
</testsuite> <!-- tek.sdet.testng.tests.smoke.TestNGParameterExample -->
