<?xml version="1.0" encoding="UTF-8"?>
<!-- Generated by org.testng.reporters.JUnitReportReporter -->
<testsuite hostname="HakimiLaptop" failures="0" tests="1" name="testNG4Day.FaceBookCreateAccount" time="24.608" errors="0" timestamp="2022-12-10T02:33:27 EST" skipped="0">
  <testcase classname="testNG4Day.FaceBookCreateAccount" name="testOne" time="24.608"/>
  <system-out/>
</testsuite> <!-- testNG4Day.FaceBookCreateAccount -->
