<?xml version="1.0" encoding="UTF-8"?>
<!-- Generated by org.testng.reporters.JUnitReportReporter -->
<testsuite hostname="HakimiLaptop" failures="0" tests="1" name="testNGSeconDay.Parameter" time="4.624" errors="0" timestamp="2022-11-19T15:03:05 EST" skipped="0">
  <testcase classname="testNGSeconDay.Parameter" name="test" time="4.624"/>
  <system-out/>
</testsuite> <!-- testNGSeconDay.Parameter -->
