<?xml version="1.0" encoding="UTF-8"?>
<!-- Generated by org.testng.reporters.JUnitReportReporter -->
<testsuite hostname="HakimiLaptop" failures="0" tests="1" name="testNG4Day.ReadFromExcel" time="6.303" errors="0" timestamp="2022-11-19T19:52:25 EST" skipped="0">
  <testcase classname="testNG4Day.ReadFromExcel" name="testOne" time="6.303"/>
  <system-out/>
</testsuite> <!-- testNG4Day.ReadFromExcel -->
