<?xml version="1.0" encoding="UTF-8"?>
<!-- Generated by org.testng.reporters.JUnitReportReporter -->
<testsuite hostname="HakimiLaptop" failures="0" tests="2" name="testNGConcepts.Annotations" time="0.006" errors="0" timestamp="2022-11-17T13:24:30 EST" skipped="1">
  <testcase classname="testNGConcepts.Annotations" name="alpahTest" time="0.006"/>
  <system-out/>
  <testcase classname="testNGConcepts.Annotations" name="testFour">
    <skipped/>
  </testcase> <!-- testFour -->
  <system-out/>
</testsuite> <!-- testNGConcepts.Annotations -->
