<?xml version="1.0" encoding="UTF-8"?>
<!-- Generated by org.testng.reporters.JUnitReportReporter -->
<testsuite hostname="HakimiLaptop" failures="0" tests="1" name="testNG4Day.First" time="2.436" errors="0" timestamp="2022-11-19T14:23:44 EST" skipped="0">
  <testcase classname="testNG4Day.First" name="testOne" time="2.436"/>
  <system-out/>
</testsuite> <!-- testNG4Day.First -->
